<?xml version="1.0" encoding="UTF-8"?>
<testng-results skipped="0" failed="0" total="1" passed="1">
  <reporter-output>
  </reporter-output>
  <suite name="Default suite" duration-ms="18030" started-at="2016-09-26T07:53:16Z" finished-at="2016-09-26T07:53:34Z">
    <groups>
    </groups>
    <test name="Default test" duration-ms="18030" started-at="2016-09-26T07:53:16Z" finished-at="2016-09-26T07:53:34Z">
      <class name="com.bill99.ta.infs.fpd.test.app.AppSelfTest">
        <test-method status="PASS" signature="springTestContextPrepareTestInstance()[pri:0, instance:com.bill99.ta.infs.fpd.test.app.AppSelfTest@1fc2fb]" name="springTestContextPrepareTestInstance" is-config="true" duration-ms="671" started-at="2016-09-26T15:53:16Z" finished-at="2016-09-26T15:53:17Z">
          <reporter-output>
          </reporter-output>
        </test-method> <!-- springTestContextPrepareTestInstance -->
        <test-method status="PASS" signature="setUp()[pri:0, instance:com.bill99.ta.infs.fpd.test.app.AppSelfTest@1fc2fb]" name="setUp" is-config="true" duration-ms="10231" started-at="2016-09-26T15:53:17Z" finished-at="2016-09-26T15:53:27Z">
          <reporter-output>
          </reporter-output>
        </test-method> <!-- setUp -->
        <test-method status="PASS" signature="springTestContextBeforeTestMethod(java.lang.reflect.Method)[pri:0, instance:com.bill99.ta.infs.fpd.test.app.AppSelfTest@1fc2fb]" name="springTestContextBeforeTestMethod" is-config="true" duration-ms="1" started-at="2016-09-26T15:53:27Z" finished-at="2016-09-26T15:53:27Z">
          <params>
            <param index="0">
              <value>
                <![CDATA[public void com.bill99.ta.infs.fpd.test.app.AppSelfTest.addContact() throws java.lang.InterruptedException]]>
              </value>
            </param>
          </params>
          <reporter-output>
          </reporter-output>
        </test-method> <!-- springTestContextBeforeTestMethod -->
        <test-method status="PASS" signature="addContact()[pri:0, instance:com.bill99.ta.infs.fpd.test.app.AppSelfTest@1fc2fb]" name="addContact" duration-ms="5568" started-at="2016-09-26T15:53:27Z" finished-at="2016-09-26T15:53:33Z">
          <reporter-output>
          </reporter-output>
        </test-method> <!-- addContact -->
        <test-method status="PASS" signature="springTestContextAfterTestMethod(java.lang.reflect.Method)[pri:0, instance:com.bill99.ta.infs.fpd.test.app.AppSelfTest@1fc2fb]" name="springTestContextAfterTestMethod" is-config="true" duration-ms="1" started-at="2016-09-26T15:53:33Z" finished-at="2016-09-26T15:53:33Z">
          <params>
            <param index="0">
              <value>
                <![CDATA[public void com.bill99.ta.infs.fpd.test.app.AppSelfTest.addContact() throws java.lang.InterruptedException]]>
              </value>
            </param>
          </params>
          <reporter-output>
          </reporter-output>
        </test-method> <!-- springTestContextAfterTestMethod -->
        <test-method status="PASS" signature="tearDown()[pri:0, instance:com.bill99.ta.infs.fpd.test.app.AppSelfTest@1fc2fb]" name="tearDown" is-config="true" duration-ms="1538" started-at="2016-09-26T15:53:33Z" finished-at="2016-09-26T15:53:34Z">
          <reporter-output>
          </reporter-output>
        </test-method> <!-- tearDown -->
      </class> <!-- com.bill99.ta.infs.fpd.test.app.AppSelfTest -->
    </test> <!-- Default test -->
  </suite> <!-- Default suite -->
</testng-results>
